<?xml version="1.0" encoding="UTF-8"?>
<!-- Generated by org.testng.reporters.JUnitXMLReporter -->
<testsuite hostname="DESKTOP-13JHKE9" ignored="0" name="Command line test" tests="4" failures="2" timestamp="16 мар 2018 11:05:25 GMT" time="16.846" errors="0">
  <testcase name="googleSearch" time="2.139" classname="tests.googleTest.tests.JavaTest"/>
  <testcase name="resultSearchTest" time="0.011" classname="tests.googleTest.tests.JavaTest">
    <failure type="java.lang.AssertionError" message="java - РџРѕРёСЃРє РІ Google expected [java - РџРѕРёСЃРє РІ Google] but found [java - Поиск в Google]">
      <![CDATA[java.lang.AssertionError: java - РџРѕРёСЃРє РІ Google expected [java - РџРѕРёСЃРє РІ Google] but found [java - Поиск в Google]
at tests.googleTest.tests.JavaTest.resultSearchTest(JavaTest.java:46)
... Removed 40 stack frames]]>
    </failure>
  </testcase> <!-- resultSearchTest -->
  <testcase name="googleSearch" time="2.186" classname="tests.googleTest.tests.RubyTest"/>
  <testcase name="resultSearchTest" time="0.009" classname="tests.googleTest.tests.RubyTest">
    <failure type="java.lang.AssertionError" message="expected [Ruby - Поиск в Google] but found [Ruby - РџРѕРёСЃРє РІ Google]">
      <![CDATA[java.lang.AssertionError: expected [Ruby - Поиск в Google] but found [Ruby - РџРѕРёСЃРє РІ Google]
at tests.googleTest.tests.RubyTest.resultSearchTest(RubyTest.java:41)
... Removed 41 stack frames]]>
    </failure>
  </testcase> <!-- resultSearchTest -->
</testsuite> <!-- Command line test -->
